<?xml version="1.0" encoding="UTF-8"?>
<!-- Generated by org.testng.reporters.JUnitReportReporter -->
<testsuite hostname="PLELADDHASHL01" name="com.trulia.test.TestHomePage" tests="4" failures="0" timestamp="8 Jun 2014 05:46:26 GMT" time="56.201" errors="0">
  <testcase name="test4" time="12.277" classname="com.trulia.test.TestHomePage"/>
  <testcase name="test1" time="12.511" classname="com.trulia.test.TestHomePage"/>
  <testcase name="test3" time="18.657" classname="com.trulia.test.TestHomePage"/>
  <testcase name="test2" time="12.756" classname="com.trulia.test.TestHomePage"/>
</testsuite> <!-- com.trulia.test.TestHomePage -->
